[26-04-2023 17:19:54] /Users/shalomsean/Documents/Image-Line/FL Studio/Support/Logs/Startup/Startup 2023-04-26_171954.log
[26-04-2023 17:19:54] HostVersion=1 Flags=00000000
[26-04-2023 17:19:54] FL Studio v21.0.2.2931
[26-04-2023 17:19:54] BeforeRunning
[26-04-2023 17:19:54] Starting at 17:19:5464Bit addressing mode3DNow! support: noSSE    support: yesSSE2   support: yesSSE3   support: yesSSSE3  support: noAVX    support: noTouchscreen not availableMain GUI scaling factor: 2 (system set to 192PPI)Temporary folder for this session:/var/folders/gx/yh0l5sg51rn2wz2df2_2v5080000gn/T/Image-Line/{B397D30F-663D-9341-4AB5-403D4D62758E}/FL Studio language: English (US)macOS display language: en-GB---
[26-04-2023 17:19:54] ReadIniFile
[26-04-2023 17:19:54]   Restore window state
[26-04-2023 17:19:54]   Restore settings window
[26-04-2023 17:19:54]     Assigned(MIDIForm) = 
[26-04-2023 17:19:54]   Read various options
[26-04-2023 17:19:54]   Read more options
[26-04-2023 17:19:54]   Load MRU list
[26-04-2023 17:19:54]   Restore more window settings
[26-04-2023 17:19:54] Animation timer set to 16ms, vsync disabled
[26-04-2023 17:19:54]   Read audio options
[26-04-2023 17:19:54]   Update tools menu
[26-04-2023 17:19:54]   Init things
[26-04-2023 17:19:54] Browser caching took 217 milliseconds.
[26-04-2023 17:19:54] Mixer track map: 0,1,2,3,4,5,6,7,8,9,10,11,12,13,14,15,16,17,18,19,20,21,22,23,24,25,26,27,28,29,30,31,32,33,34,35,36,37,38,39,40,41,42,43,44,45,46,47,48,49,50,51,52,53,54,55,56,57,58,59,60,61,62,63,64,65,66,67,68,69,70,71,72,73,74,75,76,77,78,79,80,81,82,83,84,85,86,87,88,89,90,91,92,93,94,95,96,97,98,99,100,101,102,103,104,105,106,107,108,109,110,111,112,113,114,115,116,117,118,119,120,121,122,123,124,125---
[26-04-2023 17:19:54] Mixer threading map rebuilt: 1 layer(s)   Layer 1: 1 unit(s)      Unit 1: track(s) 0,1,2,3,4,5,6,7,8,9,10,11,12,13,14,15,16,17,18,19,20,21,22,23,24,25,26,27,28,29,30,31,32,33,34,35,36,37,38,39,40,41,42,43,44,45,46,47,48,49,50,51,52,53,54,55,56,57,58,59,60,61,62,63,64,65,66,67,68,69,70,71,72,73,74,75,76,77,78,79,80,81,82,83,84,85,86,87,88,89,90,91,92,93,94,95,96,97,98,99,100,101,102,103,104,105,106,107,108,109,110,111,112,113,114,115,116,117,118,119,120,121,122,123,124,125---
[26-04-2023 17:19:54] Opening MIDI output devices
[26-04-2023 17:19:55] Opening MIDI input devices
[26-04-2023 17:19:55] Loading FLP file: /Applications/FL Studio 21.app/Contents/Resources/FL/Data/System/PreviewTrack.fst
[26-04-2023 17:19:55] Loading project: version 4.5.4
[26-04-2023 17:19:55] ---
[26-04-2023 17:19:55]   Update browser
